<?xml version="1.0" encoding="UTF-8"?>
<coverage generated="1742945805161" clover="3.2.0">
  <project timestamp="1742945805161" name="All files">
    <metrics statements="16" coveredstatements="8" conditionals="21" coveredconditionals="6" methods="4" coveredmethods="2" elements="41" coveredelements="16" complexity="0" loc="16" ncloc="16" packages="1" files="1" classes="1"/>
    <file name="useIntersectionObserver.ts" path="/Users/ashutosh/Documents/Projects/use-intersection-observer/src/useIntersectionObserver.ts">
      <metrics statements="16" coveredstatements="8" conditionals="21" coveredconditionals="6" methods="4" coveredmethods="2"/>
      <line num="1" count="1" type="stmt"/>
      <line num="9" count="1" type="stmt"/>
      <line num="18" count="3" type="stmt"/>
      <line num="19" count="3" type="stmt"/>
      <line num="20" count="3" type="stmt"/>
      <line num="22" count="3" type="stmt"/>
      <line num="23" count="3" type="cond" truecount="1" falsecount="0"/>
      <line num="24" count="0" type="stmt"/>
      <line num="26" count="0" type="stmt"/>
      <line num="28" count="0" type="cond" truecount="0" falsecount="4"/>
      <line num="30" count="0" type="cond" truecount="0" falsecount="3"/>
      <line num="31" count="0" type="cond" truecount="0" falsecount="4"/>
      <line num="36" count="0" type="stmt"/>
      <line num="38" count="0" type="stmt"/>
      <line num="39" count="0" type="cond" truecount="0" falsecount="4"/>
      <line num="43" count="3" type="stmt"/>
    </file>
  </project>
</coverage>
