{"/Users/ashutosh/Documents/Projects/use-intersection-observer/src/useIntersectionObserver.ts": {"path":"/Users/ashutosh/Documents/Projects/use-intersection-observer/src/useIntersectionObserver.ts","statementMap":{"0":{"start":{"line":9,"column":0},"end":{"line":9,"column":16}},"1":{"start":{"line":1,"column":0},"end":{"line":1,"column":52}},"2":{"start":{"line":18,"column":48},"end":{"line":18,"column":63}},"3":{"start":{"line":19,"column":23},"end":{"line":19,"column":45}},"4":{"start":{"line":20,"column":24},"end":{"line":20,"column":65}},"5":{"start":{"line":22,"column":4},"end":{"line":41,"column":55}},"6":{"start":{"line":23,"column":8},"end":{"line":23,"column":40}},"7":{"start":{"line":23,"column":33},"end":{"line":23,"column":40}},"8":{"start":{"line":24,"column":8},"end":{"line":35,"column":10}},"9":{"start":{"line":26,"column":16},"end":{"line":26,"column":56}},"10":{"start":{"line":28,"column":16},"end":{"line":28,"column":34}},"11":{"start":{"line":30,"column":16},"end":{"line":32,"column":17}},"12":{"start":{"line":31,"column":20},"end":{"line":31,"column":54}},"13":{"start":{"line":36,"column":8},"end":{"line":36,"column":56}},"14":{"start":{"line":38,"column":8},"end":{"line":40,"column":10}},"15":{"start":{"line":39,"column":12},"end":{"line":39,"column":46}},"16":{"start":{"line":43,"column":4},"end":{"line":43,"column":42}}},"fnMap":{"0":{"name":"useIntersectionObserver","decl":{"start":{"line":9,"column":16},"end":{"line":9,"column":39}},"loc":{"start":{"line":16,"column":31},"end":{"line":44,"column":1}}},"1":{"name":"(anonymous_1)","decl":{"start":{"line":22,"column":14},"end":{"line":22,"column":17}},"loc":{"start":{"line":22,"column":19},"end":{"line":41,"column":5}}},"2":{"name":"(anonymous_2)","decl":{"start":{"line":25,"column":12},"end":{"line":25,"column":13}},"loc":{"start":{"line":25,"column":24},"end":{"line":33,"column":13}}},"3":{"name":"(anonymous_3)","decl":{"start":{"line":38,"column":15},"end":{"line":38,"column":18}},"loc":{"start":{"line":38,"column":20},"end":{"line":40,"column":9}}}},"branchMap":{"0":{"loc":{"start":{"line":11,"column":4},"end":{"line":16,"column":31}},"type":"default-arg","locations":[{"start":{"line":16,"column":29},"end":{"line":16,"column":31}}]},"1":{"loc":{"start":{"line":12,"column":8},"end":{"line":12,"column":23}},"type":"default-arg","locations":[{"start":{"line":12,"column":20},"end":{"line":12,"column":23}}]},"2":{"loc":{"start":{"line":13,"column":8},"end":{"line":13,"column":19}},"type":"default-arg","locations":[{"start":{"line":13,"column":15},"end":{"line":13,"column":19}}]},"3":{"loc":{"start":{"line":14,"column":8},"end":{"line":14,"column":26}},"type":"default-arg","locations":[{"start":{"line":14,"column":21},"end":{"line":14,"column":26}}]},"4":{"loc":{"start":{"line":15,"column":8},"end":{"line":15,"column":33}},"type":"default-arg","locations":[{"start":{"line":15,"column":28},"end":{"line":15,"column":33}}]},"5":{"loc":{"start":{"line":23,"column":8},"end":{"line":23,"column":40}},"type":"if","locations":[{"start":{"line":23,"column":8},"end":{"line":23,"column":40}}]},"6":{"loc":{"start":{"line":28,"column":16},"end":{"line":28,"column":33}},"type":"cond-expr","locations":[{"start":{"line":28,"column":24},"end":{"line":28,"column":27}},{"start":{"line":28,"column":16},"end":{"line":28,"column":33}}]},"7":{"loc":{"start":{"line":28,"column":16},"end":{"line":28,"column":27}},"type":"binary-expr","locations":[{"start":{"line":28,"column":16},"end":{"line":28,"column":27}},{"start":{"line":28,"column":16},"end":{"line":28,"column":27}}]},"8":{"loc":{"start":{"line":30,"column":16},"end":{"line":32,"column":17}},"type":"if","locations":[{"start":{"line":30,"column":16},"end":{"line":32,"column":17}}]},"9":{"loc":{"start":{"line":30,"column":20},"end":{"line":30,"column":61}},"type":"binary-expr","locations":[{"start":{"line":30,"column":20},"end":{"line":30,"column":37}},{"start":{"line":30,"column":41},"end":{"line":30,"column":61}}]},"10":{"loc":{"start":{"line":31,"column":20},"end":{"line":31,"column":53}},"type":"cond-expr","locations":[{"start":{"line":31,"column":39},"end":{"line":31,"column":41}},{"start":{"line":31,"column":39},"end":{"line":31,"column":53}}]},"11":{"loc":{"start":{"line":31,"column":20},"end":{"line":31,"column":41}},"type":"binary-expr","locations":[{"start":{"line":31,"column":20},"end":{"line":31,"column":41}},{"start":{"line":31,"column":39},"end":{"line":31,"column":41}}]},"12":{"loc":{"start":{"line":39,"column":12},"end":{"line":39,"column":45}},"type":"cond-expr","locations":[{"start":{"line":39,"column":31},"end":{"line":39,"column":33}},{"start":{"line":39,"column":31},"end":{"line":39,"column":45}}]},"13":{"loc":{"start":{"line":39,"column":12},"end":{"line":39,"column":33}},"type":"binary-expr","locations":[{"start":{"line":39,"column":12},"end":{"line":39,"column":33}},{"start":{"line":39,"column":31},"end":{"line":39,"column":33}}]}},"s":{"0":1,"1":1,"2":3,"3":3,"4":3,"5":3,"6":3,"7":3,"8":0,"9":0,"10":0,"11":0,"12":0,"13":0,"14":0,"15":0,"16":3},"f":{"0":3,"1":3,"2":0,"3":0},"b":{"0":[1],"1":[2],"2":[3],"3":[3],"4":[2],"5":[3],"6":[0,0],"7":[0,0],"8":[0],"9":[0,0],"10":[0,0],"11":[0,0],"12":[0,0],"13":[0,0]}}
}
