TN:
SF:src/useIntersectionObserver.ts
FN:9,useIntersectionObserver
FN:22,(anonymous_1)
FN:25,(anonymous_2)
FN:38,(anonymous_3)
FNF:4
FNH:2
FNDA:3,useIntersectionObserver
FNDA:3,(anonymous_1)
FNDA:0,(anonymous_2)
FNDA:0,(anonymous_3)
DA:1,1
DA:9,1
DA:18,3
DA:19,3
DA:20,3
DA:22,3
DA:23,3
DA:24,0
DA:26,0
DA:28,0
DA:30,0
DA:31,0
DA:36,0
DA:38,0
DA:39,0
DA:43,3
LF:16
LH:8
BRDA:11,0,0,1
BRDA:12,1,0,2
BRDA:13,2,0,3
BRDA:14,3,0,3
BRDA:15,4,0,2
BRDA:23,5,0,3
BRDA:28,6,0,0
BRDA:28,6,1,0
BRDA:28,7,0,0
BRDA:28,7,1,0
BRDA:30,8,0,0
BRDA:30,9,0,0
BRDA:30,9,1,0
BRDA:31,10,0,0
BRDA:31,10,1,0
BRDA:31,11,0,0
BRDA:31,11,1,0
BRDA:39,12,0,0
BRDA:39,12,1,0
BRDA:39,13,0,0
BRDA:39,13,1,0
BRF:21
BRH:6
end_of_record
